{"D:\\OneDrive\\Nova pasta\\Área de Trabalho\\gerenciador-barbearia\\backend\\src\\app.js": {"path":"D:\\OneDrive\\Nova pasta\\Área de Trabalho\\gerenciador-barbearia\\backend\\src\\app.js","statementMap":{"0":{"start":{"line":1,"column":16},"end":{"line":1,"column":34}},"1":{"start":{"line":2,"column":13},"end":{"line":2,"column":28}},"2":{"start":{"line":3,"column":21},"end":{"line":3,"column":54}},"3":{"start":{"line":4,"column":26},"end":{"line":4,"column":64}},"4":{"start":{"line":6,"column":12},"end":{"line":6,"column":21}},"5":{"start":{"line":8,"column":0},"end":{"line":8,"column":16}},"6":{"start":{"line":9,"column":0},"end":{"line":9,"column":24}},"7":{"start":{"line":11,"column":0},"end":{"line":15,"column":3}},"8":{"start":{"line":12,"column":2},"end":{"line":14,"column":5}},"9":{"start":{"line":17,"column":0},"end":{"line":17,"column":22}},"10":{"start":{"line":18,"column":0},"end":{"line":18,"column":27}},"11":{"start":{"line":20,"column":0},"end":{"line":20,"column":21}}},"fnMap":{"0":{"name":"(anonymous_0)","decl":{"start":{"line":11,"column":13},"end":{"line":11,"column":14}},"loc":{"start":{"line":11,"column":27},"end":{"line":15,"column":1}},"line":11}},"branchMap":{},"s":{"0":3,"1":3,"2":3,"3":3,"4":3,"5":3,"6":3,"7":3,"8":1,"9":3,"10":3,"11":3},"f":{"0":1},"b":{},"_coverageSchema":"1a1c01bbd47fc00a2c39e90264f33305004495a9","hash":"787b5ba9fc886118d2232cc211796f6143e96303"}
,"D:\\OneDrive\\Nova pasta\\Área de Trabalho\\gerenciador-barbearia\\backend\\src\\database\\connection.js": {"path":"D:\\OneDrive\\Nova pasta\\Área de Trabalho\\gerenciador-barbearia\\backend\\src\\database\\connection.js","statementMap":{"0":{"start":{"line":1,"column":17},"end":{"line":1,"column":30}},"1":{"start":{"line":3,"column":13},"end":{"line":9,"column":2}},"2":{"start":{"line":11,"column":0},"end":{"line":11,"column":22}}},"fnMap":{},"branchMap":{},"s":{"0":3,"1":3,"2":3},"f":{},"b":{},"_coverageSchema":"1a1c01bbd47fc00a2c39e90264f33305004495a9","hash":"bdc16ba024d29f84f98a215b44f50061579c7c49"}
,"D:\\OneDrive\\Nova pasta\\Área de Trabalho\\gerenciador-barbearia\\backend\\src\\routes\\appointment.routes.js": {"path":"D:\\OneDrive\\Nova pasta\\Área de Trabalho\\gerenciador-barbearia\\backend\\src\\routes\\appointment.routes.js","statementMap":{"0":{"start":{"line":1,"column":16},"end":{"line":1,"column":34}},"1":{"start":{"line":2,"column":13},"end":{"line":2,"column":46}},"2":{"start":{"line":4,"column":15},"end":{"line":4,"column":31}},"3":{"start":{"line":6,"column":0},"end":{"line":16,"column":3}},"4":{"start":{"line":7,"column":2},"end":{"line":15,"column":3}},"5":{"start":{"line":8,"column":19},"end":{"line":8,"column":65}},"6":{"start":{"line":10,"column":4},"end":{"line":10,"column":26}},"7":{"start":{"line":12,"column":4},"end":{"line":14,"column":7}},"8":{"start":{"line":18,"column":0},"end":{"line":63,"column":3}},"9":{"start":{"line":19,"column":2},"end":{"line":62,"column":3}},"10":{"start":{"line":21,"column":6},"end":{"line":21,"column":14}},"11":{"start":{"line":23,"column":4},"end":{"line":32,"column":5}},"12":{"start":{"line":29,"column":6},"end":{"line":31,"column":9}},"13":{"start":{"line":34,"column":32},"end":{"line":41,"column":5}},"14":{"start":{"line":43,"column":4},"end":{"line":47,"column":5}},"15":{"start":{"line":44,"column":6},"end":{"line":46,"column":9}},"16":{"start":{"line":49,"column":19},"end":{"line":55,"column":5}},"17":{"start":{"line":57,"column":4},"end":{"line":57,"column":41}},"18":{"start":{"line":59,"column":4},"end":{"line":61,"column":7}},"19":{"start":{"line":65,"column":0},"end":{"line":89,"column":3}},"20":{"start":{"line":66,"column":2},"end":{"line":88,"column":3}},"21":{"start":{"line":67,"column":19},"end":{"line":67,"column":29}},"22":{"start":{"line":69,"column":19},"end":{"line":75,"column":5}},"23":{"start":{"line":77,"column":4},"end":{"line":81,"column":5}},"24":{"start":{"line":78,"column":6},"end":{"line":80,"column":9}},"25":{"start":{"line":83,"column":4},"end":{"line":83,"column":29}},"26":{"start":{"line":85,"column":4},"end":{"line":87,"column":7}},"27":{"start":{"line":91,"column":0},"end":{"line":138,"column":3}},"28":{"start":{"line":92,"column":2},"end":{"line":137,"column":3}},"29":{"start":{"line":93,"column":46},"end":{"line":93,"column":55}},"30":{"start":{"line":95,"column":4},"end":{"line":99,"column":5}},"31":{"start":{"line":96,"column":6},"end":{"line":98,"column":9}},"32":{"start":{"line":101,"column":21},"end":{"line":110,"column":5}},"33":{"start":{"line":112,"column":19},"end":{"line":118,"column":5}},"34":{"start":{"line":120,"column":26},"end":{"line":122,"column":5}},"35":{"start":{"line":121,"column":23},"end":{"line":121,"column":51}},"36":{"start":{"line":124,"column":27},"end":{"line":126,"column":6}},"37":{"start":{"line":125,"column":6},"end":{"line":125,"column":43}},"38":{"start":{"line":128,"column":4},"end":{"line":132,"column":7}},"39":{"start":{"line":134,"column":4},"end":{"line":136,"column":7}},"40":{"start":{"line":140,"column":0},"end":{"line":140,"column":24}}},"fnMap":{"0":{"name":"(anonymous_0)","decl":{"start":{"line":6,"column":28},"end":{"line":6,"column":29}},"loc":{"start":{"line":6,"column":48},"end":{"line":16,"column":1}},"line":6},"1":{"name":"(anonymous_1)","decl":{"start":{"line":18,"column":29},"end":{"line":18,"column":30}},"loc":{"start":{"line":18,"column":49},"end":{"line":63,"column":1}},"line":18},"2":{"name":"(anonymous_2)","decl":{"start":{"line":65,"column":41},"end":{"line":65,"column":42}},"loc":{"start":{"line":65,"column":61},"end":{"line":89,"column":1}},"line":65},"3":{"name":"(anonymous_3)","decl":{"start":{"line":91,"column":44},"end":{"line":91,"column":45}},"loc":{"start":{"line":91,"column":64},"end":{"line":138,"column":1}},"line":91},"4":{"name":"(anonymous_4)","decl":{"start":{"line":121,"column":6},"end":{"line":121,"column":7}},"loc":{"start":{"line":121,"column":23},"end":{"line":121,"column":51}},"line":121},"5":{"name":"(anonymous_5)","decl":{"start":{"line":124,"column":43},"end":{"line":124,"column":44}},"loc":{"start":{"line":124,"column":53},"end":{"line":126,"column":5}},"line":124}},"branchMap":{"0":{"loc":{"start":{"line":23,"column":4},"end":{"line":32,"column":5}},"type":"if","locations":[{"start":{"line":23,"column":4},"end":{"line":32,"column":5}},{"start":{},"end":{}}],"line":23},"1":{"loc":{"start":{"line":24,"column":6},"end":{"line":27,"column":23}},"type":"binary-expr","locations":[{"start":{"line":24,"column":6},"end":{"line":24,"column":18}},{"start":{"line":25,"column":6},"end":{"line":25,"column":18}},{"start":{"line":26,"column":6},"end":{"line":26,"column":23}},{"start":{"line":27,"column":6},"end":{"line":27,"column":23}}],"line":24},"2":{"loc":{"start":{"line":43,"column":4},"end":{"line":47,"column":5}},"type":"if","locations":[{"start":{"line":43,"column":4},"end":{"line":47,"column":5}},{"start":{},"end":{}}],"line":43},"3":{"loc":{"start":{"line":77,"column":4},"end":{"line":81,"column":5}},"type":"if","locations":[{"start":{"line":77,"column":4},"end":{"line":81,"column":5}},{"start":{},"end":{}}],"line":77},"4":{"loc":{"start":{"line":95,"column":4},"end":{"line":99,"column":5}},"type":"if","locations":[{"start":{"line":95,"column":4},"end":{"line":99,"column":5}},{"start":{},"end":{}}],"line":95},"5":{"loc":{"start":{"line":95,"column":8},"end":{"line":95,"column":41}},"type":"binary-expr","locations":[{"start":{"line":95,"column":8},"end":{"line":95,"column":20}},{"start":{"line":95,"column":24},"end":{"line":95,"column":41}}],"line":95}},"s":{"0":3,"1":3,"2":3,"3":3,"4":1,"5":1,"6":1,"7":0,"8":3,"9":2,"10":2,"11":2,"12":1,"13":1,"14":1,"15":1,"16":0,"17":0,"18":0,"19":3,"20":0,"21":0,"22":0,"23":0,"24":0,"25":0,"26":0,"27":3,"28":1,"29":1,"30":1,"31":0,"32":1,"33":1,"34":1,"35":1,"36":1,"37":8,"38":1,"39":0,"40":3},"f":{"0":1,"1":2,"2":0,"3":1,"4":1,"5":8},"b":{"0":[1,1],"1":[2,1,1,1],"2":[1,0],"3":[0,0],"4":[0,1],"5":[1,1]},"_coverageSchema":"1a1c01bbd47fc00a2c39e90264f33305004495a9","hash":"1b4b761df8eb3f43daae6841802447fae764be68"}
,"D:\\OneDrive\\Nova pasta\\Área de Trabalho\\gerenciador-barbearia\\backend\\src\\routes\\health.routes.js": {"path":"D:\\OneDrive\\Nova pasta\\Área de Trabalho\\gerenciador-barbearia\\backend\\src\\routes\\health.routes.js","statementMap":{"0":{"start":{"line":1,"column":16},"end":{"line":1,"column":34}},"1":{"start":{"line":3,"column":15},"end":{"line":3,"column":31}},"2":{"start":{"line":5,"column":0},"end":{"line":10,"column":3}},"3":{"start":{"line":6,"column":2},"end":{"line":9,"column":5}},"4":{"start":{"line":11,"column":0},"end":{"line":11,"column":24}}},"fnMap":{"0":{"name":"(anonymous_0)","decl":{"start":{"line":5,"column":22},"end":{"line":5,"column":23}},"loc":{"start":{"line":5,"column":36},"end":{"line":10,"column":1}},"line":5}},"branchMap":{},"s":{"0":3,"1":3,"2":3,"3":1,"4":3},"f":{"0":1},"b":{},"_coverageSchema":"1a1c01bbd47fc00a2c39e90264f33305004495a9","hash":"1b6896f38f6ff067b0c6229939d6d778a25c5dd7"}
}
