{"D:\\OneDrive\\Nova pasta\\Área de Trabalho\\gerenciador-barbearia\\backend\\src\\app.js": {"path":"D:\\OneDrive\\Nova pasta\\Área de Trabalho\\gerenciador-barbearia\\backend\\src\\app.js","statementMap":{"0":{"start":{"line":1,"column":16},"end":{"line":1,"column":34}},"1":{"start":{"line":2,"column":13},"end":{"line":2,"column":28}},"2":{"start":{"line":3,"column":21},"end":{"line":3,"column":54}},"3":{"start":{"line":4,"column":26},"end":{"line":4,"column":64}},"4":{"start":{"line":6,"column":12},"end":{"line":6,"column":21}},"5":{"start":{"line":8,"column":0},"end":{"line":8,"column":16}},"6":{"start":{"line":9,"column":0},"end":{"line":9,"column":24}},"7":{"start":{"line":11,"column":0},"end":{"line":15,"column":3}},"8":{"start":{"line":12,"column":2},"end":{"line":14,"column":5}},"9":{"start":{"line":17,"column":0},"end":{"line":17,"column":22}},"10":{"start":{"line":18,"column":0},"end":{"line":18,"column":27}},"11":{"start":{"line":20,"column":0},"end":{"line":20,"column":21}}},"fnMap":{"0":{"name":"(anonymous_0)","decl":{"start":{"line":11,"column":13},"end":{"line":11,"column":14}},"loc":{"start":{"line":11,"column":27},"end":{"line":15,"column":1}},"line":11}},"branchMap":{},"s":{"0":3,"1":3,"2":3,"3":3,"4":3,"5":3,"6":3,"7":3,"8":1,"9":3,"10":3,"11":3},"f":{"0":1},"b":{},"_coverageSchema":"1a1c01bbd47fc00a2c39e90264f33305004495a9","hash":"787b5ba9fc886118d2232cc211796f6143e96303"}
,"D:\\OneDrive\\Nova pasta\\Área de Trabalho\\gerenciador-barbearia\\backend\\src\\database\\connection.js": {"path":"D:\\OneDrive\\Nova pasta\\Área de Trabalho\\gerenciador-barbearia\\backend\\src\\database\\connection.js","statementMap":{"0":{"start":{"line":1,"column":17},"end":{"line":1,"column":30}},"1":{"start":{"line":3,"column":13},"end":{"line":9,"column":2}},"2":{"start":{"line":11,"column":0},"end":{"line":11,"column":22}}},"fnMap":{},"branchMap":{},"s":{"0":3,"1":3,"2":3},"f":{},"b":{},"_coverageSchema":"1a1c01bbd47fc00a2c39e90264f33305004495a9","hash":"bdc16ba024d29f84f98a215b44f50061579c7c49"}
,"D:\\OneDrive\\Nova pasta\\Área de Trabalho\\gerenciador-barbearia\\backend\\src\\routes\\appointment.routes.js": {"path":"D:\\OneDrive\\Nova pasta\\Área de Trabalho\\gerenciador-barbearia\\backend\\src\\routes\\appointment.routes.js","statementMap":{"0":{"start":{"line":1,"column":16},"end":{"line":1,"column":34}},"1":{"start":{"line":2,"column":13},"end":{"line":2,"column":46}},"2":{"start":{"line":3,"column":15},"end":{"line":3,"column":41}},"3":{"start":{"line":5,"column":15},"end":{"line":5,"column":31}},"4":{"start":{"line":7,"column":0},"end":{"line":21,"column":3}},"5":{"start":{"line":8,"column":2},"end":{"line":20,"column":3}},"6":{"start":{"line":9,"column":4},"end":{"line":9,"column":50}},"7":{"start":{"line":11,"column":19},"end":{"line":11,"column":65}},"8":{"start":{"line":13,"column":4},"end":{"line":13,"column":26}},"9":{"start":{"line":15,"column":4},"end":{"line":15,"column":66}},"10":{"start":{"line":17,"column":4},"end":{"line":19,"column":7}},"11":{"start":{"line":23,"column":0},"end":{"line":74,"column":3}},"12":{"start":{"line":24,"column":2},"end":{"line":73,"column":3}},"13":{"start":{"line":26,"column":6},"end":{"line":26,"column":14}},"14":{"start":{"line":28,"column":4},"end":{"line":37,"column":5}},"15":{"start":{"line":34,"column":6},"end":{"line":36,"column":9}},"16":{"start":{"line":39,"column":32},"end":{"line":46,"column":5}},"17":{"start":{"line":48,"column":4},"end":{"line":56,"column":5}},"18":{"start":{"line":49,"column":6},"end":{"line":51,"column":8}},"19":{"start":{"line":53,"column":6},"end":{"line":55,"column":9}},"20":{"start":{"line":58,"column":19},"end":{"line":64,"column":5}},"21":{"start":{"line":66,"column":4},"end":{"line":66,"column":41}},"22":{"start":{"line":68,"column":4},"end":{"line":68,"column":64}},"23":{"start":{"line":70,"column":4},"end":{"line":72,"column":7}},"24":{"start":{"line":76,"column":0},"end":{"line":102,"column":3}},"25":{"start":{"line":77,"column":2},"end":{"line":101,"column":3}},"26":{"start":{"line":78,"column":19},"end":{"line":78,"column":29}},"27":{"start":{"line":80,"column":19},"end":{"line":86,"column":5}},"28":{"start":{"line":88,"column":4},"end":{"line":92,"column":5}},"29":{"start":{"line":89,"column":6},"end":{"line":91,"column":9}},"30":{"start":{"line":94,"column":4},"end":{"line":94,"column":29}},"31":{"start":{"line":96,"column":4},"end":{"line":96,"column":67}},"32":{"start":{"line":98,"column":4},"end":{"line":100,"column":7}},"33":{"start":{"line":104,"column":0},"end":{"line":153,"column":3}},"34":{"start":{"line":105,"column":2},"end":{"line":152,"column":3}},"35":{"start":{"line":106,"column":46},"end":{"line":106,"column":55}},"36":{"start":{"line":108,"column":4},"end":{"line":112,"column":5}},"37":{"start":{"line":109,"column":6},"end":{"line":111,"column":9}},"38":{"start":{"line":114,"column":21},"end":{"line":123,"column":5}},"39":{"start":{"line":125,"column":19},"end":{"line":131,"column":5}},"40":{"start":{"line":133,"column":26},"end":{"line":135,"column":5}},"41":{"start":{"line":134,"column":23},"end":{"line":134,"column":51}},"42":{"start":{"line":137,"column":27},"end":{"line":139,"column":6}},"43":{"start":{"line":138,"column":6},"end":{"line":138,"column":43}},"44":{"start":{"line":141,"column":4},"end":{"line":145,"column":7}},"45":{"start":{"line":147,"column":4},"end":{"line":147,"column":74}},"46":{"start":{"line":149,"column":4},"end":{"line":151,"column":7}},"47":{"start":{"line":155,"column":0},"end":{"line":155,"column":24}}},"fnMap":{"0":{"name":"(anonymous_0)","decl":{"start":{"line":7,"column":28},"end":{"line":7,"column":29}},"loc":{"start":{"line":7,"column":48},"end":{"line":21,"column":1}},"line":7},"1":{"name":"(anonymous_1)","decl":{"start":{"line":23,"column":29},"end":{"line":23,"column":30}},"loc":{"start":{"line":23,"column":49},"end":{"line":74,"column":1}},"line":23},"2":{"name":"(anonymous_2)","decl":{"start":{"line":76,"column":41},"end":{"line":76,"column":42}},"loc":{"start":{"line":76,"column":61},"end":{"line":102,"column":1}},"line":76},"3":{"name":"(anonymous_3)","decl":{"start":{"line":104,"column":44},"end":{"line":104,"column":45}},"loc":{"start":{"line":104,"column":64},"end":{"line":153,"column":1}},"line":104},"4":{"name":"(anonymous_4)","decl":{"start":{"line":134,"column":6},"end":{"line":134,"column":7}},"loc":{"start":{"line":134,"column":23},"end":{"line":134,"column":51}},"line":134},"5":{"name":"(anonymous_5)","decl":{"start":{"line":137,"column":43},"end":{"line":137,"column":44}},"loc":{"start":{"line":137,"column":53},"end":{"line":139,"column":5}},"line":137}},"branchMap":{"0":{"loc":{"start":{"line":28,"column":4},"end":{"line":37,"column":5}},"type":"if","locations":[{"start":{"line":28,"column":4},"end":{"line":37,"column":5}},{"start":{},"end":{}}],"line":28},"1":{"loc":{"start":{"line":29,"column":6},"end":{"line":32,"column":23}},"type":"binary-expr","locations":[{"start":{"line":29,"column":6},"end":{"line":29,"column":18}},{"start":{"line":30,"column":6},"end":{"line":30,"column":18}},{"start":{"line":31,"column":6},"end":{"line":31,"column":23}},{"start":{"line":32,"column":6},"end":{"line":32,"column":23}}],"line":29},"2":{"loc":{"start":{"line":48,"column":4},"end":{"line":56,"column":5}},"type":"if","locations":[{"start":{"line":48,"column":4},"end":{"line":56,"column":5}},{"start":{},"end":{}}],"line":48},"3":{"loc":{"start":{"line":88,"column":4},"end":{"line":92,"column":5}},"type":"if","locations":[{"start":{"line":88,"column":4},"end":{"line":92,"column":5}},{"start":{},"end":{}}],"line":88},"4":{"loc":{"start":{"line":108,"column":4},"end":{"line":112,"column":5}},"type":"if","locations":[{"start":{"line":108,"column":4},"end":{"line":112,"column":5}},{"start":{},"end":{}}],"line":108},"5":{"loc":{"start":{"line":108,"column":8},"end":{"line":108,"column":41}},"type":"binary-expr","locations":[{"start":{"line":108,"column":8},"end":{"line":108,"column":20}},{"start":{"line":108,"column":24},"end":{"line":108,"column":41}}],"line":108}},"s":{"0":3,"1":3,"2":3,"3":3,"4":3,"5":1,"6":1,"7":1,"8":1,"9":0,"10":0,"11":3,"12":2,"13":2,"14":2,"15":1,"16":1,"17":1,"18":1,"19":1,"20":0,"21":0,"22":0,"23":0,"24":3,"25":0,"26":0,"27":0,"28":0,"29":0,"30":0,"31":0,"32":0,"33":3,"34":1,"35":1,"36":1,"37":0,"38":1,"39":1,"40":1,"41":1,"42":1,"43":8,"44":1,"45":0,"46":0,"47":3},"f":{"0":1,"1":2,"2":0,"3":1,"4":1,"5":8},"b":{"0":[1,1],"1":[2,1,1,1],"2":[1,0],"3":[0,0],"4":[0,1],"5":[1,1]},"_coverageSchema":"1a1c01bbd47fc00a2c39e90264f33305004495a9","hash":"6ce2b52a04cc1391f1c9652df3dd8d1d515f24d2"}
,"D:\\OneDrive\\Nova pasta\\Área de Trabalho\\gerenciador-barbearia\\backend\\src\\routes\\health.routes.js": {"path":"D:\\OneDrive\\Nova pasta\\Área de Trabalho\\gerenciador-barbearia\\backend\\src\\routes\\health.routes.js","statementMap":{"0":{"start":{"line":1,"column":16},"end":{"line":1,"column":34}},"1":{"start":{"line":3,"column":15},"end":{"line":3,"column":31}},"2":{"start":{"line":5,"column":0},"end":{"line":10,"column":3}},"3":{"start":{"line":6,"column":2},"end":{"line":9,"column":5}},"4":{"start":{"line":11,"column":0},"end":{"line":11,"column":24}}},"fnMap":{"0":{"name":"(anonymous_0)","decl":{"start":{"line":5,"column":22},"end":{"line":5,"column":23}},"loc":{"start":{"line":5,"column":36},"end":{"line":10,"column":1}},"line":5}},"branchMap":{},"s":{"0":3,"1":3,"2":3,"3":1,"4":3},"f":{"0":1},"b":{},"_coverageSchema":"1a1c01bbd47fc00a2c39e90264f33305004495a9","hash":"1b6896f38f6ff067b0c6229939d6d778a25c5dd7"}
,"D:\\OneDrive\\Nova pasta\\Área de Trabalho\\gerenciador-barbearia\\backend\\src\\utils\\logger.js": {"path":"D:\\OneDrive\\Nova pasta\\Área de Trabalho\\gerenciador-barbearia\\backend\\src\\utils\\logger.js","statementMap":{"0":{"start":{"line":2,"column":2},"end":{"line":2,"column":65}},"1":{"start":{"line":6,"column":2},"end":{"line":6,"column":66}},"2":{"start":{"line":10,"column":2},"end":{"line":10,"column":68}},"3":{"start":{"line":13,"column":0},"end":{"line":17,"column":2}}},"fnMap":{"0":{"name":"info","decl":{"start":{"line":1,"column":9},"end":{"line":1,"column":13}},"loc":{"start":{"line":1,"column":23},"end":{"line":3,"column":1}},"line":1},"1":{"name":"warn","decl":{"start":{"line":5,"column":9},"end":{"line":5,"column":13}},"loc":{"start":{"line":5,"column":23},"end":{"line":7,"column":1}},"line":5},"2":{"name":"error","decl":{"start":{"line":9,"column":9},"end":{"line":9,"column":14}},"loc":{"start":{"line":9,"column":24},"end":{"line":11,"column":1}},"line":9}},"branchMap":{},"s":{"0":1,"1":1,"2":0,"3":3},"f":{"0":1,"1":1,"2":0},"b":{},"_coverageSchema":"1a1c01bbd47fc00a2c39e90264f33305004495a9","hash":"09129a5c2489c77add41ad13ba6ad9abbb66718c"}
}
