TN:
SF:src\app.js
FN:11,(anonymous_0)
FNF:1
FNH:1
FNDA:1,(anonymous_0)
DA:1,3
DA:2,3
DA:3,3
DA:4,3
DA:6,3
DA:8,3
DA:9,3
DA:11,3
DA:12,1
DA:17,3
DA:18,3
DA:20,3
LF:12
LH:12
BRF:0
BRH:0
end_of_record
TN:
SF:src\database\connection.js
FNF:0
FNH:0
DA:1,3
DA:3,3
DA:11,3
LF:3
LH:3
BRF:0
BRH:0
end_of_record
TN:
SF:src\routes\appointment.routes.js
FN:6,(anonymous_0)
FN:18,(anonymous_1)
FN:65,(anonymous_2)
FN:91,(anonymous_3)
FN:121,(anonymous_4)
FN:124,(anonymous_5)
FNF:6
FNH:5
FNDA:1,(anonymous_0)
FNDA:2,(anonymous_1)
FNDA:0,(anonymous_2)
FNDA:1,(anonymous_3)
FNDA:1,(anonymous_4)
FNDA:8,(anonymous_5)
DA:1,3
DA:2,3
DA:4,3
DA:6,3
DA:7,1
DA:8,1
DA:10,1
DA:12,0
DA:18,3
DA:19,2
DA:21,2
DA:23,2
DA:29,1
DA:34,1
DA:43,1
DA:44,1
DA:49,0
DA:57,0
DA:59,0
DA:65,3
DA:66,0
DA:67,0
DA:69,0
DA:77,0
DA:78,0
DA:83,0
DA:85,0
DA:91,3
DA:92,1
DA:93,1
DA:95,1
DA:96,0
DA:101,1
DA:112,1
DA:120,1
DA:121,1
DA:124,1
DA:125,8
DA:128,1
DA:134,0
DA:140,3
LF:41
LH:28
BRDA:23,0,0,1
BRDA:23,0,1,1
BRDA:24,1,0,2
BRDA:24,1,1,1
BRDA:24,1,2,1
BRDA:24,1,3,1
BRDA:43,2,0,1
BRDA:43,2,1,0
BRDA:77,3,0,0
BRDA:77,3,1,0
BRDA:95,4,0,0
BRDA:95,4,1,1
BRDA:95,5,0,1
BRDA:95,5,1,1
BRF:14
BRH:10
end_of_record
TN:
SF:src\routes\health.routes.js
FN:5,(anonymous_0)
FNF:1
FNH:1
FNDA:1,(anonymous_0)
DA:1,3
DA:3,3
DA:5,3
DA:6,1
DA:11,3
LF:5
LH:5
BRF:0
BRH:0
end_of_record
