TN:
SF:src\app.js
FN:11,(anonymous_0)
FNF:1
FNH:1
FNDA:1,(anonymous_0)
DA:1,3
DA:2,3
DA:3,3
DA:4,3
DA:6,3
DA:8,3
DA:9,3
DA:11,3
DA:12,1
DA:17,3
DA:18,3
DA:20,3
LF:12
LH:12
BRF:0
BRH:0
end_of_record
TN:
SF:src\database\connection.js
FNF:0
FNH:0
DA:1,3
DA:3,3
DA:11,3
LF:3
LH:3
BRF:0
BRH:0
end_of_record
TN:
SF:src\routes\appointment.routes.js
FN:7,(anonymous_0)
FN:23,(anonymous_1)
FN:76,(anonymous_2)
FN:104,(anonymous_3)
FN:134,(anonymous_4)
FN:137,(anonymous_5)
FNF:6
FNH:5
FNDA:1,(anonymous_0)
FNDA:2,(anonymous_1)
FNDA:0,(anonymous_2)
FNDA:1,(anonymous_3)
FNDA:1,(anonymous_4)
FNDA:8,(anonymous_5)
DA:1,3
DA:2,3
DA:3,3
DA:5,3
DA:7,3
DA:8,1
DA:9,1
DA:11,1
DA:13,1
DA:15,0
DA:17,0
DA:23,3
DA:24,2
DA:26,2
DA:28,2
DA:34,1
DA:39,1
DA:48,1
DA:49,1
DA:53,1
DA:58,0
DA:66,0
DA:68,0
DA:70,0
DA:76,3
DA:77,0
DA:78,0
DA:80,0
DA:88,0
DA:89,0
DA:94,0
DA:96,0
DA:98,0
DA:104,3
DA:105,1
DA:106,1
DA:108,1
DA:109,0
DA:114,1
DA:125,1
DA:133,1
DA:134,1
DA:137,1
DA:138,8
DA:141,1
DA:147,0
DA:149,0
DA:155,3
LF:48
LH:31
BRDA:28,0,0,1
BRDA:28,0,1,1
BRDA:29,1,0,2
BRDA:29,1,1,1
BRDA:29,1,2,1
BRDA:29,1,3,1
BRDA:48,2,0,1
BRDA:48,2,1,0
BRDA:88,3,0,0
BRDA:88,3,1,0
BRDA:108,4,0,0
BRDA:108,4,1,1
BRDA:108,5,0,1
BRDA:108,5,1,1
BRF:14
BRH:10
end_of_record
TN:
SF:src\routes\health.routes.js
FN:5,(anonymous_0)
FNF:1
FNH:1
FNDA:1,(anonymous_0)
DA:1,3
DA:3,3
DA:5,3
DA:6,1
DA:11,3
LF:5
LH:5
BRF:0
BRH:0
end_of_record
TN:
SF:src\utils\logger.js
FN:1,info
FN:5,warn
FN:9,error
FNF:3
FNH:2
FNDA:1,info
FNDA:1,warn
FNDA:0,error
DA:2,1
DA:6,1
DA:10,0
DA:13,3
LF:4
LH:3
BRF:0
BRH:0
end_of_record
